<?xml version="1.0" encoding="UTF-8"?>
<!-- Generated by org.testng.reporters.JUnitReportReporter -->
<testsuite skipped="0" hostname="DESKTOP-8HSMC6R" name="com.tetrasoft.alexatest.test.GmailSending" tests="2" failures="0" timestamp="06 Jul 2019 09:11:49 GMT" time="93.807" errors="0">
  <testcase name="navigateToGmailHomePage" time="38.207" classname="com.tetrasoft.alexatest.test.GmailSending"/>
  <testcase name="composeaMail" time="55.600" classname="com.tetrasoft.alexatest.test.GmailSending"/>
</testsuite> <!-- com.tetrasoft.alexatest.test.GmailSending -->
